<?xml version="1.0" encoding="UTF-8"?>
<!-- Generated by org.testng.reporters.JUnitReportReporter -->
<testsuite hostname="DESKTOP-02J8MEC" failures="0" tests="1" name="TestNgProject.Project1.DatePickerExample2" time="6.185" errors="0" timestamp="2025-07-03T21:47:25 IST" skipped="0">
  <testcase classname="TestNgProject.Project1.DatePickerExample2" name="Test3" time="6.185"/>
</testsuite> <!-- TestNgProject.Project1.DatePickerExample2 -->
