<?xml version="1.0" encoding="UTF-8"?>
<!-- Generated by org.testng.reporters.JUnitReportReporter -->
<testsuite hostname="DESKTOP-02J8MEC" failures="0" tests="1" name="TestNgProject.Parameterizations.UsingxmlFile" time="5.604" errors="0" timestamp="2025-07-02T12:58:59 IST" skipped="0">
  <testcase classname="TestNgProject.Parameterizations.UsingxmlFile" name="LogIn" time="5.604"/>
</testsuite> <!-- TestNgProject.Parameterizations.UsingxmlFile -->
