<?xml version="1.0" encoding="UTF-8"?>
<!-- Generated by org.testng.reporters.JUnitReportReporter -->
<testsuite hostname="DESKTOP-02J8MEC" failures="0" tests="1" name="TestNgProject.Parameterizations.UsingDataProvider" time="3.198" errors="0" timestamp="2025-07-02T14:48:22 IST" skipped="0">
  <testcase classname="TestNgProject.Parameterizations.UsingDataProvider" name="logIn" time="3.198"/>
</testsuite> <!-- TestNgProject.Parameterizations.UsingDataProvider -->
